{"/home/vicmwass/simple Api/database.js": {"path":"/home/vicmwass/simple Api/database.js","statementMap":{"0":{"start":{"line":1,"column":15},"end":{"line":1,"column":33}},"1":{"start":{"line":2,"column":19},"end":{"line":2,"column":41}},"2":{"start":{"line":4,"column":13},"end":{"line":4,"column":22}},"3":{"start":{"line":6,"column":11},"end":{"line":6,"column":48}},"4":{"start":{"line":8,"column":13},"end":{"line":8,"column":28}},"5":{"start":{"line":10,"column":0},"end":{"line":25,"column":7}},"6":{"start":{"line":11,"column":4},"end":{"line":25,"column":5}},"7":{"start":{"line":12,"column":8},"end":{"line":12,"column":33}},"8":{"start":{"line":14,"column":8},"end":{"line":14,"column":34}},"9":{"start":{"line":15,"column":8},"end":{"line":24,"column":10}},"10":{"start":{"line":16,"column":12},"end":{"line":23,"column":15}},"11":{"start":{"line":17,"column":16},"end":{"line":23,"column":14}},"12":{"start":{"line":18,"column":16},"end":{"line":22,"column":17}},"13":{"start":{"line":19,"column":20},"end":{"line":19,"column":44}},"14":{"start":{"line":21,"column":20},"end":{"line":21,"column":57}},"15":{"start":{"line":40,"column":22},"end":{"line":52,"column":1}},"16":{"start":{"line":41,"column":14},"end":{"line":41,"column":73}},"17":{"start":{"line":42,"column":4},"end":{"line":50,"column":6}},"18":{"start":{"line":43,"column":8},"end":{"line":49,"column":10}},"19":{"start":{"line":44,"column":12},"end":{"line":48,"column":13}},"20":{"start":{"line":45,"column":16},"end":{"line":45,"column":27}},"21":{"start":{"line":47,"column":16},"end":{"line":47,"column":29}},"22":{"start":{"line":59,"column":19},"end":{"line":61,"column":1}},"23":{"start":{"line":60,"column":4},"end":{"line":60,"column":18}},"24":{"start":{"line":62,"column":19},"end":{"line":74,"column":1}},"25":{"start":{"line":63,"column":14},"end":{"line":63,"column":77}},"26":{"start":{"line":64,"column":4},"end":{"line":72,"column":6}},"27":{"start":{"line":65,"column":8},"end":{"line":71,"column":10}},"28":{"start":{"line":66,"column":12},"end":{"line":70,"column":13}},"29":{"start":{"line":67,"column":16},"end":{"line":67,"column":27}},"30":{"start":{"line":69,"column":16},"end":{"line":69,"column":28}},"31":{"start":{"line":76,"column":21},"end":{"line":88,"column":1}},"32":{"start":{"line":77,"column":14},"end":{"line":77,"column":100}},"33":{"start":{"line":78,"column":4},"end":{"line":86,"column":6}},"34":{"start":{"line":79,"column":8},"end":{"line":85,"column":10}},"35":{"start":{"line":80,"column":12},"end":{"line":84,"column":13}},"36":{"start":{"line":81,"column":16},"end":{"line":81,"column":27}},"37":{"start":{"line":83,"column":16},"end":{"line":83,"column":25}},"38":{"start":{"line":90,"column":21},"end":{"line":102,"column":1}},"39":{"start":{"line":91,"column":14},"end":{"line":91,"column":107}},"40":{"start":{"line":92,"column":4},"end":{"line":100,"column":6}},"41":{"start":{"line":93,"column":8},"end":{"line":99,"column":10}},"42":{"start":{"line":94,"column":12},"end":{"line":98,"column":13}},"43":{"start":{"line":95,"column":16},"end":{"line":95,"column":27}},"44":{"start":{"line":97,"column":16},"end":{"line":97,"column":28}},"45":{"start":{"line":104,"column":17},"end":{"line":116,"column":1}},"46":{"start":{"line":105,"column":14},"end":{"line":105,"column":48}},"47":{"start":{"line":106,"column":4},"end":{"line":114,"column":6}},"48":{"start":{"line":107,"column":8},"end":{"line":113,"column":10}},"49":{"start":{"line":108,"column":12},"end":{"line":112,"column":13}},"50":{"start":{"line":109,"column":16},"end":{"line":109,"column":27}},"51":{"start":{"line":111,"column":16},"end":{"line":111,"column":25}},"52":{"start":{"line":119,"column":0},"end":{"line":126,"column":1}}},"fnMap":{"0":{"name":"(anonymous_0)","decl":{"start":{"line":10,"column":28},"end":{"line":10,"column":29}},"loc":{"start":{"line":10,"column":35},"end":{"line":25,"column":6}},"line":10},"1":{"name":"(anonymous_1)","decl":{"start":{"line":15,"column":88},"end":{"line":15,"column":89}},"loc":{"start":{"line":15,"column":99},"end":{"line":24,"column":9}},"line":15},"2":{"name":"(anonymous_2)","decl":{"start":{"line":17,"column":191},"end":{"line":17,"column":192}},"loc":{"start":{"line":17,"column":198},"end":{"line":23,"column":13}},"line":17},"3":{"name":"(anonymous_3)","decl":{"start":{"line":40,"column":22},"end":{"line":40,"column":23}},"loc":{"start":{"line":40,"column":26},"end":{"line":52,"column":1}},"line":40},"4":{"name":"(anonymous_4)","decl":{"start":{"line":42,"column":23},"end":{"line":42,"column":24}},"loc":{"start":{"line":42,"column":44},"end":{"line":50,"column":5}},"line":42},"5":{"name":"(anonymous_5)","decl":{"start":{"line":43,"column":22},"end":{"line":43,"column":23}},"loc":{"start":{"line":43,"column":34},"end":{"line":49,"column":9}},"line":43},"6":{"name":"(anonymous_6)","decl":{"start":{"line":59,"column":19},"end":{"line":59,"column":20}},"loc":{"start":{"line":59,"column":23},"end":{"line":61,"column":1}},"line":59},"7":{"name":"(anonymous_7)","decl":{"start":{"line":62,"column":19},"end":{"line":62,"column":20}},"loc":{"start":{"line":62,"column":25},"end":{"line":74,"column":1}},"line":62},"8":{"name":"(anonymous_8)","decl":{"start":{"line":64,"column":23},"end":{"line":64,"column":24}},"loc":{"start":{"line":64,"column":44},"end":{"line":72,"column":5}},"line":64},"9":{"name":"(anonymous_9)","decl":{"start":{"line":65,"column":24},"end":{"line":65,"column":25}},"loc":{"start":{"line":65,"column":35},"end":{"line":71,"column":9}},"line":65},"10":{"name":"(anonymous_10)","decl":{"start":{"line":76,"column":21},"end":{"line":76,"column":22}},"loc":{"start":{"line":76,"column":67},"end":{"line":88,"column":1}},"line":76},"11":{"name":"(anonymous_11)","decl":{"start":{"line":78,"column":23},"end":{"line":78,"column":24}},"loc":{"start":{"line":78,"column":44},"end":{"line":86,"column":5}},"line":78},"12":{"name":"(anonymous_12)","decl":{"start":{"line":79,"column":64},"end":{"line":79,"column":65}},"loc":{"start":{"line":79,"column":71},"end":{"line":85,"column":9}},"line":79},"13":{"name":"(anonymous_13)","decl":{"start":{"line":90,"column":21},"end":{"line":90,"column":22}},"loc":{"start":{"line":90,"column":77},"end":{"line":102,"column":1}},"line":90},"14":{"name":"(anonymous_14)","decl":{"start":{"line":92,"column":23},"end":{"line":92,"column":24}},"loc":{"start":{"line":92,"column":44},"end":{"line":100,"column":5}},"line":92},"15":{"name":"(anonymous_15)","decl":{"start":{"line":93,"column":74},"end":{"line":93,"column":75}},"loc":{"start":{"line":93,"column":85},"end":{"line":99,"column":9}},"line":93},"16":{"name":"(anonymous_16)","decl":{"start":{"line":104,"column":17},"end":{"line":104,"column":18}},"loc":{"start":{"line":104,"column":23},"end":{"line":116,"column":1}},"line":104},"17":{"name":"(anonymous_17)","decl":{"start":{"line":106,"column":23},"end":{"line":106,"column":24}},"loc":{"start":{"line":106,"column":44},"end":{"line":114,"column":5}},"line":106},"18":{"name":"(anonymous_18)","decl":{"start":{"line":107,"column":24},"end":{"line":107,"column":25}},"loc":{"start":{"line":107,"column":31},"end":{"line":113,"column":9}},"line":107}},"branchMap":{"0":{"loc":{"start":{"line":11,"column":4},"end":{"line":25,"column":5}},"type":"if","locations":[{"start":{"line":11,"column":4},"end":{"line":25,"column":5}},{"start":{"line":13,"column":9},"end":{"line":25,"column":5}}],"line":11},"1":{"loc":{"start":{"line":16,"column":12},"end":{"line":23,"column":15}},"type":"if","locations":[{"start":{"line":16,"column":12},"end":{"line":23,"column":15}},{"start":{},"end":{}}],"line":16},"2":{"loc":{"start":{"line":18,"column":16},"end":{"line":22,"column":17}},"type":"if","locations":[{"start":{"line":18,"column":16},"end":{"line":22,"column":17}},{"start":{"line":20,"column":21},"end":{"line":22,"column":17}}],"line":18},"3":{"loc":{"start":{"line":44,"column":12},"end":{"line":48,"column":13}},"type":"if","locations":[{"start":{"line":44,"column":12},"end":{"line":48,"column":13}},{"start":{"line":46,"column":17},"end":{"line":48,"column":13}}],"line":44},"4":{"loc":{"start":{"line":66,"column":12},"end":{"line":70,"column":13}},"type":"if","locations":[{"start":{"line":66,"column":12},"end":{"line":70,"column":13}},{"start":{"line":68,"column":17},"end":{"line":70,"column":13}}],"line":66},"5":{"loc":{"start":{"line":80,"column":12},"end":{"line":84,"column":13}},"type":"if","locations":[{"start":{"line":80,"column":12},"end":{"line":84,"column":13}},{"start":{"line":82,"column":17},"end":{"line":84,"column":13}}],"line":80},"6":{"loc":{"start":{"line":94,"column":12},"end":{"line":98,"column":13}},"type":"if","locations":[{"start":{"line":94,"column":12},"end":{"line":98,"column":13}},{"start":{"line":96,"column":17},"end":{"line":98,"column":13}}],"line":94},"7":{"loc":{"start":{"line":108,"column":12},"end":{"line":112,"column":13}},"type":"if","locations":[{"start":{"line":108,"column":12},"end":{"line":112,"column":13}},{"start":{"line":110,"column":17},"end":{"line":112,"column":13}}],"line":108}},"s":{"0":2,"1":2,"2":2,"3":2,"4":2,"5":2,"6":0,"7":0,"8":0,"9":0,"10":0,"11":0,"12":0,"13":0,"14":0,"15":2,"16":1,"17":1,"18":1,"19":0,"20":0,"21":0,"22":2,"23":1,"24":2,"25":0,"26":0,"27":0,"28":0,"29":0,"30":0,"31":2,"32":0,"33":0,"34":0,"35":0,"36":0,"37":0,"38":2,"39":0,"40":0,"41":0,"42":0,"43":0,"44":0,"45":2,"46":0,"47":0,"48":0,"49":0,"50":0,"51":0,"52":2},"f":{"0":0,"1":0,"2":0,"3":1,"4":1,"5":0,"6":1,"7":0,"8":0,"9":0,"10":0,"11":0,"12":0,"13":0,"14":0,"15":0,"16":0,"17":0,"18":0},"b":{"0":[0,0],"1":[0,0],"2":[0,0],"3":[0,0],"4":[0,0],"5":[0,0],"6":[0,0],"7":[0,0]},"inputSourceMap":null,"_coverageSchema":"1a1c01bbd47fc00a2c39e90264f33305004495a9","hash":"6db3d17b5bc1d34d78c23c26f891a401fa3903bb"}
,"/home/vicmwass/simple Api/jest.config.js": {"path":"/home/vicmwass/simple Api/jest.config.js","statementMap":{"0":{"start":{"line":2,"column":0},"end":{"line":37,"column":2}}},"fnMap":{},"branchMap":{},"s":{"0":1},"f":{},"b":{},"inputSourceMap":null,"_coverageSchema":"1a1c01bbd47fc00a2c39e90264f33305004495a9","hash":"0ade25eb951237bc518b4d70c838663f111625e9"}
,"/home/vicmwass/simple Api/logger.js": {"path":"/home/vicmwass/simple Api/logger.js","statementMap":{"0":{"start":{"line":1,"column":12},"end":{"line":1,"column":27}},"1":{"start":{"line":2,"column":14},"end":{"line":2,"column":37}},"2":{"start":{"line":4,"column":18},"end":{"line":4,"column":32}},"3":{"start":{"line":5,"column":17},"end":{"line":5,"column":52}},"4":{"start":{"line":7,"column":0},"end":{"line":7,"column":50}},"5":{"start":{"line":8,"column":0},"end":{"line":8,"column":51}},"6":{"start":{"line":10,"column":0},"end":{"line":12,"column":1}}},"fnMap":{},"branchMap":{"0":{"loc":{"start":{"line":7,"column":18},"end":{"line":7,"column":50}},"type":"binary-expr","locations":[{"start":{"line":7,"column":18},"end":{"line":7,"column":39}},{"start":{"line":7,"column":43},"end":{"line":7,"column":50}}],"line":7},"1":{"loc":{"start":{"line":8,"column":19},"end":{"line":8,"column":51}},"type":"binary-expr","locations":[{"start":{"line":8,"column":19},"end":{"line":8,"column":40}},{"start":{"line":8,"column":44},"end":{"line":8,"column":51}}],"line":8}},"s":{"0":1,"1":1,"2":1,"3":1,"4":1,"5":1,"6":1},"f":{},"b":{"0":[1,1],"1":[1,1]},"inputSourceMap":null,"_coverageSchema":"1a1c01bbd47fc00a2c39e90264f33305004495a9","hash":"ff9440bf676553c67e1ca1c814a5648a0b79e99d"}
}
